<?xml version="1.0" encoding="UTF-8"?>
<!-- Generated by org.testng.reporters.JUnitReportReporter -->
<testsuite hostname="synps3152487" failures="0" tests="1" name="HomePage.TC_06Test" time="11.333" errors="0" timestamp="4 Jun 2020 17:41:34 GMT">
  <testcase classname="HomePage.TC_06Test" name="earnCredits" time="11.333"/>
</testsuite> <!-- HomePage.TC_06Test -->
