<?xml version="1.0" encoding="UTF-8"?>
<!-- Generated by org.testng.reporters.JUnitReportReporter -->
<testsuite hostname="synps3152487" failures="0" tests="1" name="HomePage.TC_07Test" time="80.019" errors="0" timestamp="6 Jun 2020 18:18:40 GMT">
  <testcase classname="HomePage.TC_07Test" name="footerLinks" time="80.019"/>
</testsuite> <!-- HomePage.TC_07Test -->
