<?xml version="1.0" encoding="UTF-8"?>
<!-- Generated by org.testng.reporters.JUnitReportReporter -->
<testsuite hostname="synps3152487" failures="0" tests="1" name="HomePage.TC_05Test" time="8.219" errors="0" timestamp="4 Jun 2020 17:41:34 GMT">
  <testcase classname="HomePage.TC_05Test" name="goCareSupport" time="8.219"/>
</testsuite> <!-- HomePage.TC_05Test -->
