<?xml version="1.0" encoding="UTF-8"?>
<!-- Generated by org.testng.reporters.JUnitReportReporter -->
<testsuite hostname="synps3152487" failures="0" tests="1" name="HomePage.TC_11Test" time="1.314" errors="0" timestamp="4 Jun 2020 17:41:34 GMT">
  <testcase classname="HomePage.TC_11Test" name="productsSection" time="1.314"/>
</testsuite> <!-- HomePage.TC_11Test -->
