<?xml version="1.0" encoding="UTF-8"?>
<!-- Generated by org.testng.reporters.JUnitReportReporter -->
<testsuite hostname="synps3152487" failures="0" tests="1" name="HomePage.TC_03Test" time="2.313" errors="0" timestamp="6 Jun 2020 17:41:25 GMT">
  <testcase classname="HomePage.TC_03Test" name="logoValidation" time="2.313"/>
</testsuite> <!-- HomePage.TC_03Test -->
