<?xml version="1.0" encoding="UTF-8"?>
<!-- Generated by org.testng.reporters.JUnitReportReporter -->
<testsuite hostname="synps3152487" failures="0" tests="1" name="HomePage.TC_06" time="11.264" errors="0" timestamp="1 Jun 2020 18:47:49 GMT">
  <testcase classname="HomePage.TC_06" name="earnCredits" time="11.264"/>
</testsuite> <!-- HomePage.TC_06 -->
