<?xml version="1.0" encoding="UTF-8"?>
<!-- Generated by org.testng.reporters.JUnitReportReporter -->
<testsuite skipped="0" hostname="synps3152487" name="HomePage.TC_06" tests="1" failures="0" timestamp="2020-06-01T13:48:41 CDT" time="11.845" errors="0">
  <testcase name="earnCredits" time="11.845" classname="HomePage.TC_06"/>
  <system-out/>
</testsuite> <!-- HomePage.TC_06 -->
