<?xml version="1.0" encoding="UTF-8"?>
<!-- Generated by org.testng.reporters.JUnitReportReporter -->
<testsuite skipped="0" hostname="synps3152487" name="HomePage.TC_03Test" tests="1" failures="0" timestamp="2020-06-16T09:53:28 CDT" time="2.326" errors="0">
  <testcase name="logoValidation" time="2.326" classname="HomePage.TC_03Test"/>
  <system-out/>
</testsuite> <!-- HomePage.TC_03Test -->
